[0m22:01:26.316437 [debug] [MainThread]: Sending event: {'category': 'dbt', 'action': 'invocation', 'label': 'start', 'context': [<snowplow_tracker.self_describing_json.SelfDescribingJson object at 0x000002AE2203D1F0>, <snowplow_tracker.self_describing_json.SelfDescribingJson object at 0x000002AE25364BF0>, <snowplow_tracker.self_describing_json.SelfDescribingJson object at 0x000002AE25587650>]}


============================== 22:01:26.316437 | 002f2711-d84a-44c9-a73f-9cea573a1feb ==============================
[0m22:01:26.316437 [info ] [MainThread]: Running with dbt=1.10.11
[0m22:01:26.316437 [debug] [MainThread]: running dbt with arguments {'partial_parse': 'True', 'profiles_dir': 'C:\\Users\\jhuang\\.dbt', 'send_anonymous_usage_stats': 'True', 'warn_error': 'None', 'cache_selected_only': 'False', 'target_path': 'None', 'version_check': 'True', 'invocation_command': 'dbt init', 'log_format': 'default', 'use_colors': 'True', 'introspect': 'True', 'debug': 'False', 'printer_width': '80', 'fail_fast': 'False', 'no_print': 'None', 'empty': 'None', 'use_experimental_parser': 'False', 'log_cache_events': 'False', 'quiet': 'False', 'indirect_selection': 'eager', 'log_path': 'logs', 'write_json': 'True', 'warn_error_options': 'WarnErrorOptionsV2(error=[], warn=[], silence=[])', 'static_parser': 'True'}
[0m22:01:26.332061 [info ] [MainThread]: Creating dbt configuration folder at C:\Users\jhuang\.dbt
[0m16:26:52.612402 [debug] [MainThread]: Starter project path: C:\Users\jhuang\AppData\Local\anaconda3\Lib\site-packages\dbt\include\starter_project
[0m16:26:52.652259 [info ] [MainThread]: 
Your new dbt project "oura_pipeline" was created!

For more information on how to configure the profiles.yml file,
please consult the dbt documentation here:

  https://docs.getdbt.com/docs/configure-your-profile

One more thing:

Need help? Don't hesitate to reach out to us via GitHub issues or on Slack:

  https://community.getdbt.com/

Happy modeling!

[0m16:26:52.654261 [info ] [MainThread]: Setting up your profile.
[0m16:27:54.549106 [error] [MainThread]: Encountered an error:

[0m16:27:54.549106 [error] [MainThread]: Traceback (most recent call last):
  File "C:\Users\jhuang\AppData\Local\anaconda3\Lib\site-packages\dbt\cli\requires.py", line 178, in wrapper
    result, success = func(*args, **kwargs)
                      ^^^^^^^^^^^^^^^^^^^^^
  File "C:\Users\jhuang\AppData\Local\anaconda3\Lib\site-packages\dbt\cli\requires.py", line 128, in wrapper
    return func(*args, **kwargs)
           ^^^^^^^^^^^^^^^^^^^^^
  File "C:\Users\jhuang\AppData\Local\anaconda3\Lib\site-packages\dbt\cli\main.py", line 483, in init
    results = task.run()
              ^^^^^^^^^^
  File "C:\Users\jhuang\AppData\Local\anaconda3\Lib\site-packages\dbt\task\init.py", line 346, in run
    self.setup_profile(profile_name)
  File "C:\Users\jhuang\AppData\Local\anaconda3\Lib\site-packages\dbt\task\init.py", line 262, in setup_profile
    self.create_profile_from_target(adapter, profile_name=profile_name)
  File "C:\Users\jhuang\AppData\Local\anaconda3\Lib\site-packages\dbt\task\init.py", line 179, in create_profile_from_target
    self.create_profile_from_profile_template(profile_template, profile_name)
  File "C:\Users\jhuang\AppData\Local\anaconda3\Lib\site-packages\dbt\task\init.py", line 163, in create_profile_from_profile_template
    target = self.generate_target_from_input(prompts, initial_target)
             ^^^^^^^^^^^^^^^^^^^^^^^^^^^^^^^^^^^^^^^^^^^^^^^^^^^^^^^^
  File "C:\Users\jhuang\AppData\Local\anaconda3\Lib\site-packages\dbt\task\init.py", line 129, in generate_target_from_input
    target[key] = click.prompt(
                  ^^^^^^^^^^^^^
  File "C:\Users\jhuang\AppData\Local\anaconda3\Lib\site-packages\click\termui.py", line 164, in prompt
    value = prompt_func(prompt)
            ^^^^^^^^^^^^^^^^^^^
  File "C:\Users\jhuang\AppData\Local\anaconda3\Lib\site-packages\click\termui.py", line 147, in prompt_func
    raise Abort() from None
click.exceptions.Abort

[0m16:27:54.562990 [debug] [MainThread]: Command `dbt init` failed at 16:27:54.562486 after 66389.32 seconds
[0m16:27:54.564977 [debug] [MainThread]: Sending event: {'category': 'dbt', 'action': 'invocation', 'label': 'end', 'context': [<snowplow_tracker.self_describing_json.SelfDescribingJson object at 0x000002AE26ABD1C0>, <snowplow_tracker.self_describing_json.SelfDescribingJson object at 0x000002AE26E62390>, <snowplow_tracker.self_describing_json.SelfDescribingJson object at 0x000002AE27018BF0>]}
[0m16:27:54.564977 [debug] [MainThread]: Flushing usage events
[0m16:27:54.916589 [debug] [MainThread]: An error was encountered while trying to flush usage events
[0m16:30:20.698787 [debug] [MainThread]: Sending event: {'category': 'dbt', 'action': 'invocation', 'label': 'start', 'context': [<snowplow_tracker.self_describing_json.SelfDescribingJson object at 0x000001A70C367500>, <snowplow_tracker.self_describing_json.SelfDescribingJson object at 0x000001A70CAB0DA0>, <snowplow_tracker.self_describing_json.SelfDescribingJson object at 0x000001A709D46090>]}


============================== 16:30:20.702797 | e2154b7f-04bb-4556-b606-5ab4561cfde4 ==============================
[0m16:30:20.702797 [info ] [MainThread]: Running with dbt=1.10.11
[0m16:30:20.704799 [debug] [MainThread]: running dbt with arguments {'partial_parse': 'True', 'profiles_dir': 'C:\\Users\\jhuang\\.dbt', 'send_anonymous_usage_stats': 'True', 'version_check': 'True', 'cache_selected_only': 'False', 'target_path': 'None', 'warn_error': 'None', 'invocation_command': 'dbt debug', 'log_format': 'default', 'use_colors': 'True', 'introspect': 'True', 'debug': 'False', 'log_cache_events': 'False', 'fail_fast': 'False', 'no_print': 'None', 'empty': 'None', 'use_experimental_parser': 'False', 'quiet': 'False', 'printer_width': '80', 'log_path': 'logs', 'indirect_selection': 'eager', 'write_json': 'True', 'warn_error_options': 'WarnErrorOptionsV2(error=[], warn=[], silence=[])', 'static_parser': 'True'}
[0m16:30:20.724243 [info ] [MainThread]: dbt version: 1.10.11
[0m16:30:20.726245 [info ] [MainThread]: python version: 3.12.7
[0m16:30:20.726245 [info ] [MainThread]: python path: C:\Users\jhuang\AppData\Local\anaconda3\python.exe
[0m16:30:20.727243 [info ] [MainThread]: os info: Windows-11-10.0.22631-SP0
[0m16:30:20.797014 [info ] [MainThread]: Using profiles dir at C:\Users\jhuang\.dbt
[0m16:30:20.798015 [info ] [MainThread]: Using profiles.yml file at C:\Users\jhuang\.dbt\profiles.yml
[0m16:30:20.799221 [info ] [MainThread]: Using dbt_project.yml file at C:\Users\jhuang\OneDrive - Sutro Biopharma\Documents 1\Python_Scripts\sleep_tracker\dbt\dbt_project.yml
[0m16:30:20.800220 [info ] [MainThread]: adapter type: postgres
[0m16:30:20.801222 [info ] [MainThread]: adapter version: 1.9.1
[0m16:30:20.802219 [info ] [MainThread]: Configuration:
[0m16:30:20.803220 [info ] [MainThread]:   profiles.yml file [[32mOK found and valid[0m]
[0m16:30:20.803220 [info ] [MainThread]:   dbt_project.yml file [[31mERROR not found[0m]
[0m16:30:20.804220 [info ] [MainThread]: Required dependencies:
[0m16:30:20.805222 [debug] [MainThread]: Executing "git --help"
[0m16:30:20.884881 [debug] [MainThread]: STDOUT: "b"usage: git [-v | --version] [-h | --help] [-C <path>] [-c <name>=<value>]\n           [--exec-path[=<path>]] [--html-path] [--man-path] [--info-path]\n           [-p | --paginate | -P | --no-pager] [--no-replace-objects] [--no-lazy-fetch]\n           [--no-optional-locks] [--no-advice] [--bare] [--git-dir=<path>]\n           [--work-tree=<path>] [--namespace=<name>] [--config-env=<name>=<envvar>]\n           <command> [<args>]\n\nThese are common Git commands used in various situations:\n\nstart a working area (see also: git help tutorial)\n   clone      Clone a repository into a new directory\n   init       Create an empty Git repository or reinitialize an existing one\n\nwork on the current change (see also: git help everyday)\n   add        Add file contents to the index\n   mv         Move or rename a file, a directory, or a symlink\n   restore    Restore working tree files\n   rm         Remove files from the working tree and from the index\n\nexamine the history and state (see also: git help revisions)\n   bisect     Use binary search to find the commit that introduced a bug\n   diff       Show changes between commits, commit and working tree, etc\n   grep       Print lines matching a pattern\n   log        Show commit logs\n   show       Show various types of objects\n   status     Show the working tree status\n\ngrow, mark and tweak your common history\n   backfill   Download missing objects in a partial clone\n   branch     List, create, or delete branches\n   commit     Record changes to the repository\n   merge      Join two or more development histories together\n   rebase     Reapply commits on top of another base tip\n   reset      Reset current HEAD to the specified state\n   switch     Switch branches\n   tag        Create, list, delete or verify a tag object signed with GPG\n\ncollaborate (see also: git help workflows)\n   fetch      Download objects and refs from another repository\n   pull       Fetch from and integrate with another repository or a local branch\n   push       Update remote refs along with associated objects\n\n'git help -a' and 'git help -g' list available subcommands and some\nconcept guides. See 'git help <command>' or 'git help <concept>'\nto read about a specific subcommand or concept.\nSee 'git help git' for an overview of the system.\n""
[0m16:30:20.885876 [debug] [MainThread]: STDERR: "b''"
[0m16:30:20.885876 [info ] [MainThread]:  - git [[32mOK found[0m]

[0m16:30:20.886957 [info ] [MainThread]: Connection:
[0m16:30:20.886957 [info ] [MainThread]:   host: localhost
[0m16:30:20.887958 [info ] [MainThread]:   port: 5432
[0m16:30:20.887958 [info ] [MainThread]:   user: myuser
[0m16:30:20.887958 [info ] [MainThread]:   database: ouradata
[0m16:30:20.888968 [info ] [MainThread]:   schema: public
[0m16:30:20.888968 [info ] [MainThread]:   connect_timeout: 10
[0m16:30:20.888968 [info ] [MainThread]:   role: None
[0m16:30:20.889979 [info ] [MainThread]:   search_path: None
[0m16:30:20.889979 [info ] [MainThread]:   keepalives_idle: 0
[0m16:30:20.889979 [info ] [MainThread]:   sslmode: None
[0m16:30:20.890977 [info ] [MainThread]:   sslcert: None
[0m16:30:20.890977 [info ] [MainThread]:   sslkey: None
[0m16:30:20.891983 [info ] [MainThread]:   sslrootcert: None
[0m16:30:20.891983 [info ] [MainThread]:   application_name: dbt
[0m16:30:20.891983 [info ] [MainThread]:   retries: 1
[0m16:30:20.893496 [info ] [MainThread]: Registered adapter: postgres=1.9.1
[0m16:30:21.257918 [debug] [MainThread]: Acquiring new postgres connection 'debug'
[0m16:30:21.386281 [debug] [MainThread]: Using postgres connection "debug"
[0m16:30:21.386281 [debug] [MainThread]: On debug: select 1 as id
[0m16:30:21.386281 [debug] [MainThread]: Opening a new connection, currently in state init
[0m16:30:21.410696 [debug] [MainThread]: SQL status: SELECT 1 in 0.024 seconds
[0m16:30:21.411700 [debug] [MainThread]: On debug: Close
[0m16:30:21.411700 [info ] [MainThread]:   Connection test: [[32mOK connection ok[0m]

[0m16:30:21.412694 [info ] [MainThread]: [31m1 check failed:[0m
[0m16:30:21.413699 [info ] [MainThread]: Project loading failed for the following reason:
 project path <C:\Users\jhuang\OneDrive - Sutro Biopharma\Documents 1\Python_Scripts\sleep_tracker\dbt\dbt_project.yml> not found

[0m16:30:21.415697 [debug] [MainThread]: Command `dbt debug` failed at 16:30:21.415697 after 0.94 seconds
[0m16:30:21.415697 [debug] [MainThread]: Connection 'debug' was properly closed.
[0m16:30:21.415697 [debug] [MainThread]: Sending event: {'category': 'dbt', 'action': 'invocation', 'label': 'end', 'context': [<snowplow_tracker.self_describing_json.SelfDescribingJson object at 0x000001A70C2655E0>, <snowplow_tracker.self_describing_json.SelfDescribingJson object at 0x000001A70DDC8680>, <snowplow_tracker.self_describing_json.SelfDescribingJson object at 0x000001A70DDA2300>]}
[0m16:30:21.416702 [debug] [MainThread]: Flushing usage events
[0m16:30:21.715341 [debug] [MainThread]: An error was encountered while trying to flush usage events
