[0m16:28:19.554585 [debug] [MainThread]: Sending event: {'category': 'dbt', 'action': 'invocation', 'label': 'start', 'context': [<snowplow_tracker.self_describing_json.SelfDescribingJson object at 0x000001ED8F959F40>, <snowplow_tracker.self_describing_json.SelfDescribingJson object at 0x000001ED8DB39670>, <snowplow_tracker.self_describing_json.SelfDescribingJson object at 0x000001ED8DD93140>]}


============================== 16:28:19.559592 | bd3f4ac0-4ee0-42ae-a0ab-6c00142996a7 ==============================
[0m16:28:19.559592 [info ] [MainThread]: Running with dbt=1.10.11
[0m16:28:19.560592 [debug] [MainThread]: running dbt with arguments {'partial_parse': 'True', 'warn_error_options': 'WarnErrorOptionsV2(error=[], warn=[], silence=[])', 'send_anonymous_usage_stats': 'True', 'warn_error': 'None', 'cache_selected_only': 'False', 'target_path': 'None', 'use_colors': 'True', 'invocation_command': 'dbt debug', 'log_format': 'default', 'version_check': 'True', 'introspect': 'True', 'debug': 'False', 'printer_width': '80', 'fail_fast': 'False', 'no_print': 'None', 'use_experimental_parser': 'False', 'quiet': 'False', 'log_cache_events': 'False', 'empty': 'None', 'log_path': 'logs', 'indirect_selection': 'eager', 'write_json': 'True', 'static_parser': 'True', 'profiles_dir': 'C:\\Users\\jhuang\\OneDrive - Sutro Biopharma\\Documents 1\\Python_Scripts\\sleep_tracker'}
[0m16:28:19.586228 [info ] [MainThread]: dbt version: 1.10.11
[0m16:28:19.586766 [info ] [MainThread]: python version: 3.12.7
[0m16:28:19.587305 [info ] [MainThread]: python path: C:\Users\jhuang\AppData\Local\anaconda3\python.exe
[0m16:28:19.587837 [info ] [MainThread]: os info: Windows-11-10.0.22631-SP0
[0m16:28:19.657581 [info ] [MainThread]: Using profiles dir at C:\Users\jhuang\OneDrive - Sutro Biopharma\Documents 1\Python_Scripts\sleep_tracker
[0m16:28:19.657581 [info ] [MainThread]: Using profiles.yml file at C:\Users\jhuang\OneDrive - Sutro Biopharma\Documents 1\Python_Scripts\sleep_tracker\profiles.yml
[0m16:28:19.658579 [info ] [MainThread]: Using dbt_project.yml file at C:\Users\jhuang\OneDrive - Sutro Biopharma\Documents 1\Python_Scripts\sleep_tracker\dbt_project.yml
[0m16:28:19.659721 [info ] [MainThread]: adapter type: postgres
[0m16:28:19.660228 [info ] [MainThread]: adapter version: 1.9.1
[0m16:28:19.660228 [info ] [MainThread]: Configuration:
[0m16:28:19.661235 [info ] [MainThread]:   profiles.yml file [[32mOK found and valid[0m]
[0m16:28:19.661235 [info ] [MainThread]:   dbt_project.yml file [[31mERROR not found[0m]
[0m16:28:19.662006 [info ] [MainThread]: Required dependencies:
[0m16:28:19.663024 [debug] [MainThread]: Executing "git --help"
[0m16:28:19.739539 [debug] [MainThread]: STDOUT: "b"usage: git [-v | --version] [-h | --help] [-C <path>] [-c <name>=<value>]\n           [--exec-path[=<path>]] [--html-path] [--man-path] [--info-path]\n           [-p | --paginate | -P | --no-pager] [--no-replace-objects] [--no-lazy-fetch]\n           [--no-optional-locks] [--no-advice] [--bare] [--git-dir=<path>]\n           [--work-tree=<path>] [--namespace=<name>] [--config-env=<name>=<envvar>]\n           <command> [<args>]\n\nThese are common Git commands used in various situations:\n\nstart a working area (see also: git help tutorial)\n   clone      Clone a repository into a new directory\n   init       Create an empty Git repository or reinitialize an existing one\n\nwork on the current change (see also: git help everyday)\n   add        Add file contents to the index\n   mv         Move or rename a file, a directory, or a symlink\n   restore    Restore working tree files\n   rm         Remove files from the working tree and from the index\n\nexamine the history and state (see also: git help revisions)\n   bisect     Use binary search to find the commit that introduced a bug\n   diff       Show changes between commits, commit and working tree, etc\n   grep       Print lines matching a pattern\n   log        Show commit logs\n   show       Show various types of objects\n   status     Show the working tree status\n\ngrow, mark and tweak your common history\n   backfill   Download missing objects in a partial clone\n   branch     List, create, or delete branches\n   commit     Record changes to the repository\n   merge      Join two or more development histories together\n   rebase     Reapply commits on top of another base tip\n   reset      Reset current HEAD to the specified state\n   switch     Switch branches\n   tag        Create, list, delete or verify a tag object signed with GPG\n\ncollaborate (see also: git help workflows)\n   fetch      Download objects and refs from another repository\n   pull       Fetch from and integrate with another repository or a local branch\n   push       Update remote refs along with associated objects\n\n'git help -a' and 'git help -g' list available subcommands and some\nconcept guides. See 'git help <command>' or 'git help <concept>'\nto read about a specific subcommand or concept.\nSee 'git help git' for an overview of the system.\n""
[0m16:28:19.740549 [debug] [MainThread]: STDERR: "b''"
[0m16:28:19.740549 [info ] [MainThread]:  - git [[32mOK found[0m]

[0m16:28:19.740549 [info ] [MainThread]: Connection:
[0m16:28:19.741551 [info ] [MainThread]:   host: localhost
[0m16:28:19.741551 [info ] [MainThread]:   port: 5432
[0m16:28:19.741551 [info ] [MainThread]:   user: myuser
[0m16:28:19.742549 [info ] [MainThread]:   database: ouradata
[0m16:28:19.742549 [info ] [MainThread]:   schema: public
[0m16:28:19.743550 [info ] [MainThread]:   connect_timeout: 10
[0m16:28:19.743550 [info ] [MainThread]:   role: None
[0m16:28:19.744550 [info ] [MainThread]:   search_path: None
[0m16:28:19.744550 [info ] [MainThread]:   keepalives_idle: 0
[0m16:28:19.745314 [info ] [MainThread]:   sslmode: None
[0m16:28:19.746326 [info ] [MainThread]:   sslcert: None
[0m16:28:19.746326 [info ] [MainThread]:   sslkey: None
[0m16:28:19.747184 [info ] [MainThread]:   sslrootcert: None
[0m16:28:19.747184 [info ] [MainThread]:   application_name: dbt
[0m16:28:19.747184 [info ] [MainThread]:   retries: 1
[0m16:28:19.748194 [info ] [MainThread]: Registered adapter: postgres=1.9.1
[0m16:28:20.083554 [debug] [MainThread]: Acquiring new postgres connection 'debug'
[0m16:28:20.229201 [debug] [MainThread]: Using postgres connection "debug"
[0m16:28:20.229201 [debug] [MainThread]: On debug: select 1 as id
[0m16:28:20.229201 [debug] [MainThread]: Opening a new connection, currently in state init
[0m16:28:20.278968 [debug] [MainThread]: SQL status: SELECT 1 in 0.045 seconds
[0m16:28:20.278968 [debug] [MainThread]: On debug: Close
[0m16:28:20.278968 [info ] [MainThread]:   Connection test: [[32mOK connection ok[0m]

[0m16:28:20.278968 [info ] [MainThread]: [31m1 check failed:[0m
[0m16:28:20.278968 [info ] [MainThread]: Project loading failed for the following reason:
 project path <C:\Users\jhuang\OneDrive - Sutro Biopharma\Documents 1\Python_Scripts\sleep_tracker\dbt_project.yml> not found

[0m16:28:20.278968 [debug] [MainThread]: Command `dbt debug` failed at 16:28:20.278968 after 0.96 seconds
[0m16:28:20.278968 [debug] [MainThread]: Connection 'debug' was properly closed.
[0m16:28:20.278968 [debug] [MainThread]: Sending event: {'category': 'dbt', 'action': 'invocation', 'label': 'end', 'context': [<snowplow_tracker.self_describing_json.SelfDescribingJson object at 0x000001ED8F9A7CB0>, <snowplow_tracker.self_describing_json.SelfDescribingJson object at 0x000001ED8E642DE0>, <snowplow_tracker.self_describing_json.SelfDescribingJson object at 0x000001ED8BC47260>]}
[0m16:28:20.278968 [debug] [MainThread]: Flushing usage events
[0m16:28:20.587748 [debug] [MainThread]: An error was encountered while trying to flush usage events
